<?xml version="1.0" encoding="UTF-8"?>
<!-- Generated by org.testng.reporters.JUnitReportReporter -->
<testsuite hostname="LAPTOP-6VIVKA5S" failures="0" tests="1" name="amazonTestCases.NewTest" time="0.008" errors="0" timestamp="2021-11-21T12:49:01 PST" skipped="0">
  <testcase classname="amazonTestCases.NewTest" name="f" time="0.008"/>
  <system-out/>
</testsuite> <!-- amazonTestCases.NewTest -->
