<?xml version="1.0" encoding="UTF-8"?>
<!-- Generated by org.testng.reporters.JUnitReportReporter -->
<testsuite skipped="0" hostname="LAPTOP-6VIVKA5S" name="smudTestCases.Smud" tests="2" failures="0" timestamp="2021-12-08T21:02:49 PST" time="13.153" errors="0">
  <testcase name="CheckBill" time="12.722" classname="smudTestCases.Smud"/>
  <system-out/>
  <testcase name="Payment" time="0.431" classname="smudTestCases.Smud"/>
  <system-out/>
</testsuite> <!-- smudTestCases.Smud -->
