<?xml version="1.0" encoding="UTF-8"?>
<!-- Generated by org.testng.reporters.JUnitReportReporter -->
<testsuite skipped="0" hostname="LAPTOP-6VIVKA5S" name="amazonTestCases.Amazon" tests="39" failures="0" timestamp="2021-12-08T21:02:49 PST" time="87.272" errors="0">
  <testcase name="signIn" time="17.772" classname="amazonTestCases.Amazon"/>
  <system-out/>
  <testcase name="searchProductwithSuggestion" time="0.000" classname="amazonTestCases.Amazon"/>
  <system-out/>
  <testcase name="searchProduct" time="0.009" classname="amazonTestCases.Amazon"/>
  <system-out/>
  <testcase name="searchProductwithSuggestion" time="0.000" classname="amazonTestCases.Amazon"/>
  <system-out/>
  <testcase name="searchProductwithSuggestion" time="0.001" classname="amazonTestCases.Amazon"/>
  <system-out/>
  <testcase name="searchProductwithSuggestion" time="0.000" classname="amazonTestCases.Amazon"/>
  <system-out/>
  <testcase name="searchProductwithSuggestion" time="0.000" classname="amazonTestCases.Amazon"/>
  <system-out/>
  <testcase name="searchProduct" time="0.000" classname="amazonTestCases.Amazon"/>
  <system-out/>
  <testcase name="searchProduct" time="0.000" classname="amazonTestCases.Amazon"/>
  <system-out/>
  <testcase name="searchProductwithSuggestion" time="0.001" classname="amazonTestCases.Amazon"/>
  <system-out/>
  <testcase name="searchProductwithSuggestion" time="0.016" classname="amazonTestCases.Amazon"/>
  <system-out/>
  <testcase name="searchProduct" time="0.000" classname="amazonTestCases.Amazon"/>
  <system-out/>
  <testcase name="searchProduct" time="0.000" classname="amazonTestCases.Amazon"/>
  <system-out/>
  <testcase name="searchProductwithSuggestion" time="9.682" classname="amazonTestCases.Amazon"/>
  <system-out/>
  <testcase name="searchProductwithSuggestion" time="0.001" classname="amazonTestCases.Amazon"/>
  <system-out/>
  <testcase name="searchProduct" time="0.000" classname="amazonTestCases.Amazon"/>
  <system-out/>
  <testcase name="searchProduct" time="0.000" classname="amazonTestCases.Amazon"/>
  <system-out/>
  <testcase name="searchProduct" time="5.233" classname="amazonTestCases.Amazon"/>
  <system-out/>
  <testcase name="searchProductwithSuggestion" time="0.000" classname="amazonTestCases.Amazon"/>
  <system-out/>
  <testcase name="searchProduct" time="0.000" classname="amazonTestCases.Amazon"/>
  <system-out/>
  <testcase name="searchProductwithSuggestion" time="0.000" classname="amazonTestCases.Amazon"/>
  <system-out/>
  <testcase name="searchProduct" time="5.301" classname="amazonTestCases.Amazon"/>
  <system-out/>
  <testcase name="searchProduct" time="0.000" classname="amazonTestCases.Amazon"/>
  <system-out/>
  <testcase name="searchProduct" time="6.060" classname="amazonTestCases.Amazon"/>
  <system-out/>
  <testcase name="searchProductwithSuggestion" time="6.713" classname="amazonTestCases.Amazon"/>
  <system-out/>
  <testcase name="searchProduct" time="0.001" classname="amazonTestCases.Amazon"/>
  <system-out/>
  <testcase name="searchProductwithSuggestion" time="8.796" classname="amazonTestCases.Amazon"/>
  <system-out/>
  <testcase name="searchProduct" time="0.000" classname="amazonTestCases.Amazon"/>
  <system-out/>
  <testcase name="searchProductwithSuggestion" time="8.690" classname="amazonTestCases.Amazon"/>
  <system-out/>
  <testcase name="searchProductwithSuggestion" time="8.820" classname="amazonTestCases.Amazon"/>
  <system-out/>
  <testcase name="searchProduct" time="0.000" classname="amazonTestCases.Amazon"/>
  <system-out/>
  <testcase name="searchProduct" time="0.004" classname="amazonTestCases.Amazon"/>
  <system-out/>
  <testcase name="searchProduct" time="0.001" classname="amazonTestCases.Amazon"/>
  <system-out/>
  <testcase name="searchProduct" time="4.982" classname="amazonTestCases.Amazon"/>
  <system-out/>
  <testcase name="searchProduct" time="5.181" classname="amazonTestCases.Amazon"/>
  <system-out/>
  <testcase name="searchProductwithSuggestion" time="0.001" classname="amazonTestCases.Amazon"/>
  <system-out/>
  <testcase name="searchProductwithSuggestion" time="0.001" classname="amazonTestCases.Amazon"/>
  <system-out/>
  <testcase name="searchProductwithSuggestion" time="0.002" classname="amazonTestCases.Amazon"/>
  <system-out/>
  <testcase name="searchProductwithSuggestion" time="0.004" classname="amazonTestCases.Amazon"/>
  <system-out/>
</testsuite> <!-- amazonTestCases.Amazon -->
