<?xml version="1.0" encoding="UTF-8"?>
<!-- Generated by org.testng.reporters.JUnitReportReporter -->
<testsuite hostname="LAPTOP-6VIVKA5S" failures="0" tests="1" name="TestClass" time="0.007" errors="0" timestamp="2021-09-05T14:25:27 PDT" skipped="0">
  <testcase classname="TestClass" name="test" time="0.007"/>
  <system-out/>
</testsuite> <!-- TestClass -->
